0 info it worked if it ends with ok
1 verbose cli [ '/usr/local/bin/node', '/usr/local/bin/npm', 'install' ]
2 info using npm@2.14.4
3 info using node@v4.1.1
4 verbose readDependencies loading dependencies from /Users/Steve/Desktop/Volcano App/package.json
5 warn package.json FullMean_Volcano_App@0.0.1 No description
6 warn package.json FullMean_Volcano_App@0.0.1 No repository field.
7 warn package.json FullMean_Volcano_App@0.0.1 No README data
8 warn package.json FullMean_Volcano_App@0.0.1 No license field.
9 verbose install where, deps [ '/Users/Steve/Desktop/Volcano App',
9 verbose install   [ 'express', 'mongoose', 'body-parser', 'ngModal' ] ]
10 verbose install where, peers [ '/Users/Steve/Desktop/Volcano App', [] ]
11 verbose installManyTop reading for lifecycle /Users/Steve/Desktop/Volcano App/package.json
12 info preinstall FullMean_Volcano_App@0.0.1
13 verbose installManyTop reading scoped package data from /Users/Steve/Desktop/Volcano App/node_modules/body-parser/package.json
14 verbose installManyTop reading scoped package data from /Users/Steve/Desktop/Volcano App/node_modules/express/package.json
15 verbose installManyTop reading scoped package data from /Users/Steve/Desktop/Volcano App/node_modules/mongoose/package.json
16 verbose readDependencies loading dependencies from /Users/Steve/Desktop/Volcano App/package.json
17 verbose targetResolver reading package data from /Users/Steve/Desktop/Volcano App/node_modules/body-parser/package.json
18 verbose targetResolver reading package data from /Users/Steve/Desktop/Volcano App/node_modules/express/package.json
19 verbose targetResolver reading package data from /Users/Steve/Desktop/Volcano App/node_modules/mongoose/package.json
20 verbose already installed skipping express@~4.2.0 /Users/Steve/Desktop/Volcano App
21 verbose already installed skipping mongoose@^4.1.1 /Users/Steve/Desktop/Volcano App
22 verbose already installed skipping body-parser@^1.13.1 /Users/Steve/Desktop/Volcano App
23 silly cache add args [ 'ngModal@~1.2.0', null ]
24 verbose cache add spec ngModal@~1.2.0
25 silly cache add parsed spec Result {
25 silly cache add   raw: 'ngModal@~1.2.0',
25 silly cache add   scope: null,
25 silly cache add   name: 'ngModal',
25 silly cache add   rawSpec: '~1.2.0',
25 silly cache add   spec: '>=1.2.0 <1.3.0',
25 silly cache add   type: 'range' }
26 silly addNamed ngModal@>=1.2.0 <1.3.0
27 verbose addNamed ">=1.2.0 <1.3.0" is a valid semver range for ngModal
28 silly addNameRange { name: 'ngModal', range: '>=1.2.0 <1.3.0', hasData: false }
29 silly mapToRegistry name ngModal
30 silly mapToRegistry using default registry
31 silly mapToRegistry registry https://registry.npmjs.org/
32 silly mapToRegistry uri https://registry.npmjs.org/ngModal
33 verbose addNameRange registry:https://registry.npmjs.org/ngModal not in flight; fetching
34 verbose request uri https://registry.npmjs.org/ngModal
35 verbose request no auth needed
36 info attempt registry request try #1 at 9:40:48 PM
37 verbose request id ce0973e41a9097ee
38 http request GET https://registry.npmjs.org/ngModal
39 http 404 https://registry.npmjs.org/ngModal
40 verbose headers { 'content-type': 'application/json',
40 verbose headers   'cache-control': 'max-age=0',
40 verbose headers   'content-length': '2',
40 verbose headers   'accept-ranges': 'bytes',
40 verbose headers   date: 'Mon, 25 Jan 2016 05:40:48 GMT',
40 verbose headers   via: '1.1 varnish',
40 verbose headers   age: '0',
40 verbose headers   connection: 'keep-alive',
40 verbose headers   'x-served-by': 'cache-lax1432-LAX',
40 verbose headers   'x-cache': 'MISS',
40 verbose headers   'x-cache-hits': '0',
40 verbose headers   'x-timer': 'S1453700448.882137,VS0,VE83' }
41 silly get cb [ 404,
41 silly get   { 'content-type': 'application/json',
41 silly get     'cache-control': 'max-age=0',
41 silly get     'content-length': '2',
41 silly get     'accept-ranges': 'bytes',
41 silly get     date: 'Mon, 25 Jan 2016 05:40:48 GMT',
41 silly get     via: '1.1 varnish',
41 silly get     age: '0',
41 silly get     connection: 'keep-alive',
41 silly get     'x-served-by': 'cache-lax1432-LAX',
41 silly get     'x-cache': 'MISS',
41 silly get     'x-cache-hits': '0',
41 silly get     'x-timer': 'S1453700448.882137,VS0,VE83' } ]
42 verbose stack Error: Registry returned 404 for GET on https://registry.npmjs.org/ngModal
42 verbose stack     at makeError (/usr/local/lib/node_modules/npm/node_modules/npm-registry-client/lib/request.js:263:12)
42 verbose stack     at CachingRegistryClient.<anonymous> (/usr/local/lib/node_modules/npm/node_modules/npm-registry-client/lib/request.js:241:14)
42 verbose stack     at Request._callback (/usr/local/lib/node_modules/npm/node_modules/npm-registry-client/lib/request.js:171:14)
42 verbose stack     at Request.self.callback (/usr/local/lib/node_modules/npm/node_modules/request/request.js:198:22)
42 verbose stack     at emitTwo (events.js:87:13)
42 verbose stack     at Request.emit (events.js:172:7)
42 verbose stack     at Request.<anonymous> (/usr/local/lib/node_modules/npm/node_modules/request/request.js:1073:14)
42 verbose stack     at emitOne (events.js:82:20)
42 verbose stack     at Request.emit (events.js:169:7)
42 verbose stack     at IncomingMessage.<anonymous> (/usr/local/lib/node_modules/npm/node_modules/request/request.js:1019:12)
43 verbose statusCode 404
44 verbose pkgid ngModal
45 verbose cwd /Users/Steve/Desktop/Volcano App
46 error Darwin 15.3.0
47 error argv "/usr/local/bin/node" "/usr/local/bin/npm" "install"
48 error node v4.1.1
49 error npm  v2.14.4
50 error code E404
51 error 404 Registry returned 404 for GET on https://registry.npmjs.org/ngModal
51 error 404
51 error 404 'ngModal' is not in the npm registry.
51 error 404 Your package name is not valid, because
51 error 404
51 error 404  1. name can no longer contain capital letters
51 error 404 It was specified as a dependency of 'FullMean_Volcano_App'
51 error 404
51 error 404 Note that you can also install from a
51 error 404 tarball, folder, http url, or git url.
52 verbose exit [ 1, true ]
